{"C:\\Users\\Dell\\Desktop\\Sirius\\nodejs\\app.js": {"path":"C:\\Users\\Dell\\Desktop\\Sirius\\nodejs\\app.js","statementMap":{"0":{"start":{"line":1,"column":16},"end":{"line":1,"column":34}},"1":{"start":{"line":2,"column":17},"end":{"line":2,"column":30}},"2":{"start":{"line":3,"column":19},"end":{"line":3,"column":41}},"3":{"start":{"line":4,"column":15},"end":{"line":4,"column":32}},"4":{"start":{"line":5,"column":12},"end":{"line":5,"column":35}},"5":{"start":{"line":7,"column":0},"end":{"line":7,"column":27}},"6":{"start":{"line":8,"column":18},"end":{"line":8,"column":47}},"7":{"start":{"line":9,"column":13},"end":{"line":9,"column":30}},"8":{"start":{"line":10,"column":13},"end":{"line":10,"column":28}},"9":{"start":{"line":12,"column":24},"end":{"line":12,"column":71}},"10":{"start":{"line":17,"column":12},"end":{"line":17,"column":21}},"11":{"start":{"line":18,"column":13},"end":{"line":18,"column":17}},"12":{"start":{"line":21,"column":13},"end":{"line":27,"column":2}},"13":{"start":{"line":28,"column":0},"end":{"line":28,"column":72}},"14":{"start":{"line":30,"column":0},"end":{"line":30,"column":27}},"15":{"start":{"line":31,"column":0},"end":{"line":33,"column":3}},"16":{"start":{"line":32,"column":2},"end":{"line":32,"column":53}},"17":{"start":{"line":37,"column":2},"end":{"line":37,"column":47}},"18":{"start":{"line":40,"column":13},"end":{"line":40,"column":41}},"19":{"start":{"line":44,"column":0},"end":{"line":70,"column":3}},"20":{"start":{"line":45,"column":33},"end":{"line":45,"column":41}},"21":{"start":{"line":46,"column":2},"end":{"line":48,"column":3}},"22":{"start":{"line":47,"column":4},"end":{"line":47,"column":77}},"23":{"start":{"line":50,"column":2},"end":{"line":69,"column":3}},"24":{"start":{"line":52,"column":22},"end":{"line":52,"column":94}},"25":{"start":{"line":53,"column":4},"end":{"line":55,"column":5}},"26":{"start":{"line":54,"column":6},"end":{"line":54,"column":71}},"27":{"start":{"line":58,"column":27},"end":{"line":58,"column":58}},"28":{"start":{"line":61,"column":20},"end":{"line":64,"column":5}},"29":{"start":{"line":65,"column":4},"end":{"line":65,"column":80}},"30":{"start":{"line":67,"column":4},"end":{"line":67,"column":48}},"31":{"start":{"line":68,"column":4},"end":{"line":68,"column":61}},"32":{"start":{"line":73,"column":0},"end":{"line":100,"column":3}},"33":{"start":{"line":74,"column":33},"end":{"line":74,"column":41}},"34":{"start":{"line":75,"column":2},"end":{"line":77,"column":3}},"35":{"start":{"line":76,"column":4},"end":{"line":76,"column":77}},"36":{"start":{"line":79,"column":2},"end":{"line":99,"column":3}},"37":{"start":{"line":80,"column":22},"end":{"line":80,"column":93}},"38":{"start":{"line":81,"column":4},"end":{"line":83,"column":5}},"39":{"start":{"line":82,"column":6},"end":{"line":82,"column":77}},"40":{"start":{"line":85,"column":17},"end":{"line":85,"column":34}},"41":{"start":{"line":86,"column":26},"end":{"line":86,"column":71}},"42":{"start":{"line":88,"column":4},"end":{"line":90,"column":5}},"43":{"start":{"line":89,"column":6},"end":{"line":89,"column":77}},"44":{"start":{"line":93,"column":18},"end":{"line":93,"column":113}},"45":{"start":{"line":95,"column":4},"end":{"line":95,"column":53}},"46":{"start":{"line":97,"column":4},"end":{"line":97,"column":41}},"47":{"start":{"line":98,"column":4},"end":{"line":98,"column":61}},"48":{"start":{"line":104,"column":0},"end":{"line":111,"column":3}},"49":{"start":{"line":105,"column":2},"end":{"line":110,"column":3}},"50":{"start":{"line":106,"column":21},"end":{"line":106,"column":84}},"51":{"start":{"line":107,"column":4},"end":{"line":107,"column":19}},"52":{"start":{"line":109,"column":4},"end":{"line":109,"column":14}},"53":{"start":{"line":114,"column":0},"end":{"line":124,"column":3}},"54":{"start":{"line":115,"column":2},"end":{"line":123,"column":3}},"55":{"start":{"line":116,"column":21},"end":{"line":116,"column":86}},"56":{"start":{"line":117,"column":4},"end":{"line":119,"column":5}},"57":{"start":{"line":118,"column":6},"end":{"line":118,"column":52}},"58":{"start":{"line":120,"column":4},"end":{"line":120,"column":22}},"59":{"start":{"line":122,"column":4},"end":{"line":122,"column":14}},"60":{"start":{"line":127,"column":0},"end":{"line":138,"column":3}},"61":{"start":{"line":128,"column":2},"end":{"line":137,"column":3}},"62":{"start":{"line":129,"column":15},"end":{"line":129,"column":38}},"63":{"start":{"line":130,"column":21},"end":{"line":130,"column":80}},"64":{"start":{"line":131,"column":4},"end":{"line":133,"column":5}},"65":{"start":{"line":132,"column":6},"end":{"line":132,"column":52}},"66":{"start":{"line":134,"column":4},"end":{"line":134,"column":22}},"67":{"start":{"line":136,"column":4},"end":{"line":136,"column":14}},"68":{"start":{"line":141,"column":0},"end":{"line":162,"column":3}},"69":{"start":{"line":142,"column":2},"end":{"line":161,"column":3}},"70":{"start":{"line":143,"column":45},"end":{"line":143,"column":53}},"71":{"start":{"line":144,"column":4},"end":{"line":146,"column":5}},"72":{"start":{"line":145,"column":6},"end":{"line":145,"column":69}},"73":{"start":{"line":147,"column":4},"end":{"line":149,"column":5}},"74":{"start":{"line":148,"column":6},"end":{"line":148,"column":61}},"75":{"start":{"line":150,"column":4},"end":{"line":152,"column":5}},"76":{"start":{"line":151,"column":6},"end":{"line":151,"column":67}},"77":{"start":{"line":154,"column":21},"end":{"line":157,"column":5}},"78":{"start":{"line":158,"column":4},"end":{"line":158,"column":34}},"79":{"start":{"line":160,"column":4},"end":{"line":160,"column":14}},"80":{"start":{"line":164,"column":0},"end":{"line":164,"column":22}},"81":{"start":{"line":167,"column":0},"end":{"line":169,"column":3}},"82":{"start":{"line":168,"column":2},"end":{"line":168,"column":52}},"83":{"start":{"line":171,"column":0},"end":{"line":171,"column":21}}},"fnMap":{"0":{"name":"(anonymous_0)","decl":{"start":{"line":31,"column":25},"end":{"line":31,"column":26}},"loc":{"start":{"line":31,"column":39},"end":{"line":33,"column":1}},"line":31},"1":{"name":"errorHandler","decl":{"start":{"line":36,"column":9},"end":{"line":36,"column":21}},"loc":{"start":{"line":36,"column":43},"end":{"line":38,"column":1}},"line":36},"2":{"name":"(anonymous_2)","decl":{"start":{"line":44,"column":31},"end":{"line":44,"column":32}},"loc":{"start":{"line":44,"column":51},"end":{"line":70,"column":1}},"line":44},"3":{"name":"(anonymous_3)","decl":{"start":{"line":73,"column":28},"end":{"line":73,"column":29}},"loc":{"start":{"line":73,"column":48},"end":{"line":100,"column":1}},"line":73},"4":{"name":"(anonymous_4)","decl":{"start":{"line":104,"column":28},"end":{"line":104,"column":29}},"loc":{"start":{"line":104,"column":54},"end":{"line":111,"column":1}},"line":104},"5":{"name":"(anonymous_5)","decl":{"start":{"line":114,"column":35},"end":{"line":114,"column":36}},"loc":{"start":{"line":114,"column":61},"end":{"line":124,"column":1}},"line":114},"6":{"name":"(anonymous_6)","decl":{"start":{"line":127,"column":32},"end":{"line":127,"column":33}},"loc":{"start":{"line":127,"column":58},"end":{"line":138,"column":1}},"line":127},"7":{"name":"(anonymous_7)","decl":{"start":{"line":141,"column":29},"end":{"line":141,"column":30}},"loc":{"start":{"line":141,"column":55},"end":{"line":162,"column":1}},"line":141},"8":{"name":"(anonymous_8)","decl":{"start":{"line":167,"column":17},"end":{"line":167,"column":18}},"loc":{"start":{"line":167,"column":23},"end":{"line":169,"column":1}},"line":167}},"branchMap":{"0":{"loc":{"start":{"line":46,"column":2},"end":{"line":48,"column":3}},"type":"if","locations":[{"start":{"line":46,"column":2},"end":{"line":48,"column":3}},{"start":{},"end":{}}],"line":46},"1":{"loc":{"start":{"line":46,"column":6},"end":{"line":46,"column":28}},"type":"binary-expr","locations":[{"start":{"line":46,"column":6},"end":{"line":46,"column":15}},{"start":{"line":46,"column":19},"end":{"line":46,"column":28}}],"line":46},"2":{"loc":{"start":{"line":53,"column":4},"end":{"line":55,"column":5}},"type":"if","locations":[{"start":{"line":53,"column":4},"end":{"line":55,"column":5}},{"start":{},"end":{}}],"line":53},"3":{"loc":{"start":{"line":75,"column":2},"end":{"line":77,"column":3}},"type":"if","locations":[{"start":{"line":75,"column":2},"end":{"line":77,"column":3}},{"start":{},"end":{}}],"line":75},"4":{"loc":{"start":{"line":75,"column":6},"end":{"line":75,"column":28}},"type":"binary-expr","locations":[{"start":{"line":75,"column":6},"end":{"line":75,"column":15}},{"start":{"line":75,"column":19},"end":{"line":75,"column":28}}],"line":75},"5":{"loc":{"start":{"line":81,"column":4},"end":{"line":83,"column":5}},"type":"if","locations":[{"start":{"line":81,"column":4},"end":{"line":83,"column":5}},{"start":{},"end":{}}],"line":81},"6":{"loc":{"start":{"line":88,"column":4},"end":{"line":90,"column":5}},"type":"if","locations":[{"start":{"line":88,"column":4},"end":{"line":90,"column":5}},{"start":{},"end":{}}],"line":88},"7":{"loc":{"start":{"line":117,"column":4},"end":{"line":119,"column":5}},"type":"if","locations":[{"start":{"line":117,"column":4},"end":{"line":119,"column":5}},{"start":{},"end":{}}],"line":117},"8":{"loc":{"start":{"line":131,"column":4},"end":{"line":133,"column":5}},"type":"if","locations":[{"start":{"line":131,"column":4},"end":{"line":133,"column":5}},{"start":{},"end":{}}],"line":131},"9":{"loc":{"start":{"line":144,"column":4},"end":{"line":146,"column":5}},"type":"if","locations":[{"start":{"line":144,"column":4},"end":{"line":146,"column":5}},{"start":{},"end":{}}],"line":144},"10":{"loc":{"start":{"line":144,"column":8},"end":{"line":144,"column":27}},"type":"binary-expr","locations":[{"start":{"line":144,"column":8},"end":{"line":144,"column":14}},{"start":{"line":144,"column":18},"end":{"line":144,"column":27}}],"line":144},"11":{"loc":{"start":{"line":147,"column":4},"end":{"line":149,"column":5}},"type":"if","locations":[{"start":{"line":147,"column":4},"end":{"line":149,"column":5}},{"start":{},"end":{}}],"line":147},"12":{"loc":{"start":{"line":150,"column":4},"end":{"line":152,"column":5}},"type":"if","locations":[{"start":{"line":150,"column":4},"end":{"line":152,"column":5}},{"start":{},"end":{}}],"line":150},"13":{"loc":{"start":{"line":150,"column":8},"end":{"line":150,"column":47}},"type":"binary-expr","locations":[{"start":{"line":150,"column":8},"end":{"line":150,"column":19}},{"start":{"line":150,"column":23},"end":{"line":150,"column":47}}],"line":150}},"s":{"0":1,"1":1,"2":1,"3":1,"4":1,"5":1,"6":1,"7":1,"8":1,"9":1,"10":1,"11":1,"12":1,"13":1,"14":1,"15":1,"16":0,"17":0,"18":1,"19":1,"20":2,"21":2,"22":0,"23":2,"24":2,"25":2,"26":1,"27":1,"28":1,"29":1,"30":0,"31":0,"32":1,"33":2,"34":2,"35":0,"36":2,"37":2,"38":2,"39":1,"40":1,"41":1,"42":1,"43":0,"44":1,"45":1,"46":0,"47":0,"48":1,"49":0,"50":0,"51":0,"52":0,"53":1,"54":0,"55":0,"56":0,"57":0,"58":0,"59":0,"60":1,"61":0,"62":0,"63":0,"64":0,"65":0,"66":0,"67":0,"68":1,"69":0,"70":0,"71":0,"72":0,"73":0,"74":0,"75":0,"76":0,"77":0,"78":0,"79":0,"80":1,"81":1,"82":1,"83":1},"f":{"0":0,"1":0,"2":2,"3":2,"4":0,"5":0,"6":0,"7":0,"8":1},"b":{"0":[0,2],"1":[2,2],"2":[1,1],"3":[0,2],"4":[2,2],"5":[1,1],"6":[0,1],"7":[0,0],"8":[0,0],"9":[0,0],"10":[0,0],"11":[0,0],"12":[0,0],"13":[0,0]},"_coverageSchema":"1a1c01bbd47fc00a2c39e90264f33305004495a9","hash":"943b6402b3fec9be4e1f3ed1d627f0cc9580d4f1"}
,"C:\\Users\\Dell\\Desktop\\Sirius\\nodejs\\middleware\\auth.js": {"path":"C:\\Users\\Dell\\Desktop\\Sirius\\nodejs\\middleware\\auth.js","statementMap":{"0":{"start":{"line":1,"column":12},"end":{"line":1,"column":35}},"1":{"start":{"line":3,"column":13},"end":{"line":14,"column":1}},"2":{"start":{"line":4,"column":16},"end":{"line":4,"column":58}},"3":{"start":{"line":5,"column":2},"end":{"line":5,"column":90}},"4":{"start":{"line":5,"column":14},"end":{"line":5,"column":90}},"5":{"start":{"line":7,"column":2},"end":{"line":13,"column":3}},"6":{"start":{"line":8,"column":20},"end":{"line":8,"column":61}},"7":{"start":{"line":9,"column":4},"end":{"line":9,"column":23}},"8":{"start":{"line":10,"column":4},"end":{"line":10,"column":11}},"9":{"start":{"line":12,"column":4},"end":{"line":12,"column":53}},"10":{"start":{"line":16,"column":0},"end":{"line":16,"column":22}}},"fnMap":{"0":{"name":"(anonymous_0)","decl":{"start":{"line":3,"column":13},"end":{"line":3,"column":14}},"loc":{"start":{"line":3,"column":33},"end":{"line":14,"column":1}},"line":3}},"branchMap":{"0":{"loc":{"start":{"line":5,"column":2},"end":{"line":5,"column":90}},"type":"if","locations":[{"start":{"line":5,"column":2},"end":{"line":5,"column":90}},{"start":{},"end":{}}],"line":5}},"s":{"0":1,"1":1,"2":3,"3":3,"4":1,"5":2,"6":2,"7":1,"8":1,"9":1,"10":1},"f":{"0":3},"b":{"0":[1,2]},"_coverageSchema":"1a1c01bbd47fc00a2c39e90264f33305004495a9","hash":"0b910aae5075e5b5a893467f2413c653e3987cfa"}
}
