TN:
SF:app.js
FN:31,(anonymous_0)
FN:36,errorHandler
FN:44,(anonymous_2)
FN:73,(anonymous_3)
FN:104,(anonymous_4)
FN:114,(anonymous_5)
FN:127,(anonymous_6)
FN:141,(anonymous_7)
FN:167,(anonymous_8)
FNF:9
FNH:3
FNDA:0,(anonymous_0)
FNDA:0,errorHandler
FNDA:2,(anonymous_2)
FNDA:2,(anonymous_3)
FNDA:0,(anonymous_4)
FNDA:0,(anonymous_5)
FNDA:0,(anonymous_6)
FNDA:0,(anonymous_7)
FNDA:1,(anonymous_8)
DA:1,1
DA:2,1
DA:3,1
DA:4,1
DA:5,1
DA:7,1
DA:8,1
DA:9,1
DA:10,1
DA:12,1
DA:17,1
DA:18,1
DA:21,1
DA:28,1
DA:30,1
DA:31,1
DA:32,0
DA:37,0
DA:40,1
DA:44,1
DA:45,2
DA:46,2
DA:47,0
DA:50,2
DA:52,2
DA:53,2
DA:54,1
DA:58,1
DA:61,1
DA:65,1
DA:67,0
DA:68,0
DA:73,1
DA:74,2
DA:75,2
DA:76,0
DA:79,2
DA:80,2
DA:81,2
DA:82,1
DA:85,1
DA:86,1
DA:88,1
DA:89,0
DA:93,1
DA:95,1
DA:97,0
DA:98,0
DA:104,1
DA:105,0
DA:106,0
DA:107,0
DA:109,0
DA:114,1
DA:115,0
DA:116,0
DA:117,0
DA:118,0
DA:120,0
DA:122,0
DA:127,1
DA:128,0
DA:129,0
DA:130,0
DA:131,0
DA:132,0
DA:134,0
DA:136,0
DA:141,1
DA:142,0
DA:143,0
DA:144,0
DA:145,0
DA:147,0
DA:148,0
DA:150,0
DA:151,0
DA:154,0
DA:158,0
DA:160,0
DA:164,1
DA:167,1
DA:168,1
DA:171,1
LF:84
LH:47
BRDA:46,0,0,0
BRDA:46,0,1,2
BRDA:46,1,0,2
BRDA:46,1,1,2
BRDA:53,2,0,1
BRDA:53,2,1,1
BRDA:75,3,0,0
BRDA:75,3,1,2
BRDA:75,4,0,2
BRDA:75,4,1,2
BRDA:81,5,0,1
BRDA:81,5,1,1
BRDA:88,6,0,0
BRDA:88,6,1,1
BRDA:117,7,0,0
BRDA:117,7,1,0
BRDA:131,8,0,0
BRDA:131,8,1,0
BRDA:144,9,0,0
BRDA:144,9,1,0
BRDA:144,10,0,0
BRDA:144,10,1,0
BRDA:147,11,0,0
BRDA:147,11,1,0
BRDA:150,12,0,0
BRDA:150,12,1,0
BRDA:150,13,0,0
BRDA:150,13,1,0
BRF:28
BRH:11
end_of_record
TN:
SF:middleware\auth.js
FN:3,(anonymous_0)
FNF:1
FNH:1
FNDA:3,(anonymous_0)
DA:1,1
DA:3,1
DA:4,3
DA:5,3
DA:7,2
DA:8,2
DA:9,1
DA:10,1
DA:12,1
DA:16,1
LF:10
LH:10
BRDA:5,0,0,1
BRDA:5,0,1,2
BRF:2
BRH:2
end_of_record
